[debug] > Exec(early(addDefaultCommands), None, None)
[debug] > Exec(addDefaultCommands, None, None)
[debug] > Exec(early(initialize), None, None)
[debug] > Exec(initialize, None, None)
[debug] > Exec(boot, None, None)
[debug] > Exec(writeSbtVersion, None, None)
[debug] > Exec(reload, None, None)
[debug] > Exec(sbtStashOnFailure, None, None)
[debug] > Exec(onFailure loadFailed, None, None)
[debug] > Exec(loadp, None, None)
[info] welcome to sbt 1.7.2 (Oracle Corporation Java 18.0.1.1)
[debug]       Load.loadUnit: plugins took 239.942ms
[debug]       Load.loadUnit: defsScala took 0.6642ms
[debug] [Loading] Scanning directory C:\Users\Win10\.sbt\1.0\plugins
[debug] [Loading] Found non-root projects 
[debug] [Loading] Done in C:\Users\Win10\.sbt\1.0\plugins, returning: ()
[debug] deducing auto plugins based on known facts Set(Atom(sbt.plugins.CorePlugin)) and clauses Clauses(Clause(Atom(sbt.plugins.JvmPlugin),Set(Atom(sbt.plugins.IvyPlugin)))
[debug] Clause(Atom(sbt.ScriptedPlugin),Set(Atom(sbt.plugins.JvmPlugin)))
[debug] Clause(Atom(sbt.plugins.SbtPlugin),Set(Atom(sbt.ScriptedPlugin)))
[debug] Clause(Atom(sbt.plugins.SemanticdbPlugin),Set(Atom(sbt.plugins.JvmPlugin)))
[debug] Clause(Atom(sbt.plugins.JUnitXmlReportPlugin),Set(Atom(sbt.plugins.JvmPlugin)))
[debug] Clause(Atom(sbt.plugins.MiniDependencyTreePlugin),Set(Atom(sbt.plugins.JvmPlugin)))
[debug] Clause(Atom(sbt.plugins.CorePlugin),Set(Atom(sbt.plugins.IvyPlugin)))
[debug] Clause(Atom(sbt.plugins.IvyPlugin),Set(Atom(sbt.plugins.JvmPlugin)))
[debug] Clause(Atom(sbt.plugins.JvmPlugin),Set(Atom(sbt.plugins.SemanticdbPlugin)))
[debug] Clause(Atom(sbt.plugins.JvmPlugin),Set(Atom(sbt.plugins.JUnitXmlReportPlugin)))
[debug] Clause(Atom(sbt.plugins.CorePlugin),Set(Atom(sbt.plugins.Giter8TemplatePlugin)))
[debug] Clause(Atom(sbt.plugins.JvmPlugin),Set(Atom(sbt.plugins.MiniDependencyTreePlugin))))
[debug]   :: deduced result: Matched(sbt.plugins.CorePlugin,sbt.plugins.Giter8TemplatePlugin,sbt.plugins.IvyPlugin,sbt.plugins.JvmPlugin,sbt.plugins.MiniDependencyTreePlugin,sbt.plugins.JUnitXmlReportPlugin,sbt.plugins.SemanticdbPlugin)
[debug] Plugins.deducer#function took 33.717 ms
[debug]           Load.resolveProject(global-plugins) took 88.2082ms
[debug]         Load.loadTransitive: finalizeProject(Project(id global-plugins, base: C:\Users\Win10\.sbt\1.0\plugins, plugins: List(<none>))) took 172.7484ms
[debug] [Loading] Done in C:\Users\Win10\.sbt\1.0\plugins, returning: (global-plugins)
[debug]       Load.loadUnit: loadedProjectsRaw took 218.6405ms
[debug]       Load.loadUnit: cleanEvalClasses took 0.3883ms
[debug]     Load.loadUnit(file:/C:/Users/Win10/.sbt/1.0/plugins/, ...) took 482.1962ms
[debug]   Load.apply: load took 897.9092ms
[debug]   Load.apply: resolveProjects took 21.131ms
[debug]   Load.apply: finalTransforms took 275.1699ms
[debug]   Load.apply: config.delegates took 21.1509ms
[debug]   Load.apply: Def.make(settings)... took 790.3294ms
[debug]   Load.apply: structureIndex took 157.9242ms
[debug]   Load.apply: mkStreams took 2.2228ms
[info] loading global plugins from C:\Users\Win10\.sbt\1.0\plugins
[debug] Running task... Cancel: Signal, check cycles: false, forcegc: true
[debug] Load.defaultLoad until apply took 3939.2338ms
[debug]           Load.loadUnit: plugins took 39.8956ms
[debug]           Load.loadUnit: defsScala took 0.0042ms
[debug] [Loading] Scanning directory E:\otus\otus-2021-03-1\project
[debug]             Load.loadUnit: mkEval took 6.7641ms
[debug] [Loading] Found non-root projects 
[debug] [Loading] Done in E:\otus\otus-2021-03-1\project, returning: ()
[debug] deducing auto plugins based on known facts Set(Atom(sbt.plugins.CorePlugin)) and clauses Clauses(Clause(Atom(sbt.plugins.JvmPlugin),Set(Atom(sbt.plugins.IvyPlugin)))
[debug] Clause(Atom(sbt.ScriptedPlugin),Set(Atom(sbt.plugins.JvmPlugin)))
[debug] Clause(Atom(sbt.plugins.SbtPlugin),Set(Atom(sbt.ScriptedPlugin)))
[debug] Clause(Atom(sbt.plugins.SemanticdbPlugin),Set(Atom(sbt.plugins.JvmPlugin)))
[debug] Clause(Atom(sbt.plugins.JUnitXmlReportPlugin),Set(Atom(sbt.plugins.JvmPlugin)))
[debug] Clause(Atom(sbt.plugins.MiniDependencyTreePlugin),Set(Atom(sbt.plugins.JvmPlugin)))
[debug] Clause(Atom(sbt.plugins.CorePlugin),Set(Atom(sbt.plugins.IvyPlugin)))
[debug] Clause(Atom(sbt.plugins.IvyPlugin),Set(Atom(sbt.plugins.JvmPlugin)))
[debug] Clause(Atom(sbt.plugins.JvmPlugin),Set(Atom(sbt.plugins.SemanticdbPlugin)))
[debug] Clause(Atom(sbt.plugins.JvmPlugin),Set(Atom(sbt.plugins.JUnitXmlReportPlugin)))
[debug] Clause(Atom(sbt.plugins.CorePlugin),Set(Atom(sbt.plugins.Giter8TemplatePlugin)))
[debug] Clause(Atom(sbt.plugins.JvmPlugin),Set(Atom(sbt.plugins.MiniDependencyTreePlugin))))
[debug]   :: deduced result: Matched(sbt.plugins.CorePlugin,sbt.plugins.Giter8TemplatePlugin,sbt.plugins.IvyPlugin,sbt.plugins.JvmPlugin,sbt.plugins.MiniDependencyTreePlugin,sbt.plugins.JUnitXmlReportPlugin,sbt.plugins.SemanticdbPlugin)
[debug] Plugins.deducer#function took 4.5062 ms
[info] loading settings for project otus-2021-03-1-build from plugins.sbt ...
[debug]               Load.resolveProject(otus-2021-03-1-build) took 4.4865ms
[debug]             Load.loadTransitive: finalizeProject(Project(id otus-2021-03-1-build, base: E:\otus\otus-2021-03-1\project, plugins: List(<none>))) took 10.0557ms
[debug] [Loading] Done in E:\otus\otus-2021-03-1\project, returning: (otus-2021-03-1-build)
[debug]           Load.loadUnit: loadedProjectsRaw took 190.854ms
[debug]           Load.loadUnit: cleanEvalClasses took 12.538ms
[debug]         Load.loadUnit(file:/E:/otus/otus-2021-03-1/project/, ...) took 244.6934ms
[debug]       Load.apply: load took 247.112ms
[debug]       Load.apply: resolveProjects took 0.2192ms
[debug]       Load.apply: finalTransforms took 18.8311ms
[debug]       Load.apply: config.delegates took 0.6394ms
[debug]       Load.apply: Def.make(settings)... took 155.0966ms
[debug]       Load.apply: structureIndex took 51.3448ms
[debug]       Load.apply: mkStreams took 0.0032ms
[info] loading project definition from E:\otus\otus-2021-03-1\project
[debug] Running task... Cancel: Signal, check cycles: false, forcegc: true
[debug]     Load.loadUnit: plugins took 1694.0092ms
[debug]     Load.loadUnit: defsScala took 0.0048ms
[debug] [Loading] Scanning directory E:\otus\otus-2021-03-1
[debug]       Load.loadUnit: mkEval took 0.2721ms
[debug] [Loading] Found root project root w/ remaining 
[debug] deducing auto plugins based on known facts Set(Atom(sbt.plugins.CorePlugin)) and clauses Clauses(Clause(Atom(sbt.plugins.JvmPlugin),Set(Atom(sbt.plugins.IvyPlugin)))
[debug] Clause(Atom(sbt.ScriptedPlugin),Set(Atom(sbt.plugins.JvmPlugin)))
[debug] Clause(Atom(sbt.plugins.SbtPlugin),Set(Atom(sbt.ScriptedPlugin)))
[debug] Clause(Atom(sbt.plugins.SemanticdbPlugin),Set(Atom(sbt.plugins.JvmPlugin)))
[debug] Clause(Atom(sbt.plugins.JUnitXmlReportPlugin),Set(Atom(sbt.plugins.JvmPlugin)))
[debug] Clause(Atom(sbt.plugins.MiniDependencyTreePlugin),Set(Atom(sbt.plugins.JvmPlugin)))
[debug] Clause(Atom(sbtassembly.AssemblyPlugin),Set(Atom(sbt.plugins.JvmPlugin)))
[debug] Clause(Atom(sbtbuildinfo.BuildInfoPlugin),Set(Atom(sbt.plugins.JvmPlugin)))
[debug] Clause(Atom(sbt.plugins.CorePlugin),Set(Atom(sbt.plugins.IvyPlugin)))
[debug] Clause(Atom(sbt.plugins.IvyPlugin),Set(Atom(sbt.plugins.JvmPlugin)))
[debug] Clause(Atom(sbt.plugins.JvmPlugin),Set(Atom(sbt.plugins.SemanticdbPlugin)))
[debug] Clause(Atom(sbt.plugins.JvmPlugin),Set(Atom(sbt.plugins.JUnitXmlReportPlugin)))
[debug] Clause(Atom(sbt.plugins.CorePlugin),Set(Atom(sbt.plugins.Giter8TemplatePlugin)))
[debug] Clause(Atom(sbt.plugins.JvmPlugin),Set(Atom(sbt.plugins.MiniDependencyTreePlugin)))
[debug] Clause(Atom(sbt.plugins.JvmPlugin),Set(Atom(sbtassembly.AssemblyPlugin))))
[debug]   :: deduced result: Matched(sbt.plugins.CorePlugin,sbt.plugins.Giter8TemplatePlugin,sbt.plugins.IvyPlugin,sbt.plugins.JvmPlugin,sbtassembly.AssemblyPlugin,sbt.plugins.MiniDependencyTreePlugin,sbt.plugins.JUnitXmlReportPlugin,sbt.plugins.SemanticdbPlugin)
[debug] Plugins.deducer#function took 3.5138 ms
[info] loading settings for project root from build.sbt ...
[debug]         Load.resolveProject(root) took 31.8081ms
[debug]       Load.loadTransitive: finalizeProject(Project(id root, base: E:\otus\otus-2021-03-1, plugins: List(<none>))) took 36.8184ms
[debug] [Loading] Done in E:\otus\otus-2021-03-1, returning: (root)
[debug]     Load.loadUnit: loadedProjectsRaw took 3075.4163ms
[debug]     Load.loadUnit: cleanEvalClasses took 21.6296ms
[debug]   Load.loadUnit(file:/E:/otus/otus-2021-03-1/, ...) took 4792.0683ms
[debug] Load.apply: load took 4794.4962ms
[debug] Load.apply: resolveProjects took 0.2421ms
[debug] Load.apply: finalTransforms took 11.735ms
[debug] Load.apply: config.delegates took 0.384ms
[debug] Load.apply: Def.make(settings)... took 84.0748ms
[debug] Load.apply: structureIndex took 50.1679ms
[debug] Load.apply: mkStreams took 0.0026ms
[info] set current project to collections (in build file:/E:/otus/otus-2021-03-1/)
[debug] > Exec(sbtPopOnFailure, None, None)
[debug] > Exec(resumeFromFailure, None, None)
[debug] > Exec(notifyUsersAboutShell, None, None)
[debug] > Exec(iflast shell, None, None)
[debug] > Exec(shell, None, None)
[info] sbt server started at local:sbt-server-cc909b40c7237ea7b057
[debug] Writing bsp connection file
[info] started sbt server
