[debug] > Exec(early(addDefaultCommands), None, None)
[debug] > Exec(addDefaultCommands, None, None)
[debug] > Exec(early(initialize), None, None)
[debug] > Exec(initialize, None, None)
[debug] > Exec(boot, None, None)
[debug] > Exec(writeSbtVersion, None, None)
[debug] > Exec(reload, None, None)
[debug] > Exec(sbtStashOnFailure, None, None)
[debug] > Exec(onFailure loadFailed, None, None)
[debug] > Exec(loadp, None, None)
[info] welcome to sbt 1.7.2 (Oracle Corporation Java 18.0.1.1)
[debug]       Load.loadUnit: plugins took 144.3006ms
[debug]       Load.loadUnit: defsScala took 0.3959ms
[debug] [Loading] Scanning directory C:\Users\Win10\.sbt\1.0\plugins
[debug] [Loading] Found non-root projects 
[debug] [Loading] Done in C:\Users\Win10\.sbt\1.0\plugins, returning: ()
[debug] deducing auto plugins based on known facts Set(Atom(sbt.plugins.CorePlugin)) and clauses Clauses(Clause(Atom(sbt.plugins.JvmPlugin),Set(Atom(sbt.plugins.IvyPlugin)))
[debug] Clause(Atom(sbt.ScriptedPlugin),Set(Atom(sbt.plugins.JvmPlugin)))
[debug] Clause(Atom(sbt.plugins.SbtPlugin),Set(Atom(sbt.ScriptedPlugin)))
[debug] Clause(Atom(sbt.plugins.SemanticdbPlugin),Set(Atom(sbt.plugins.JvmPlugin)))
[debug] Clause(Atom(sbt.plugins.JUnitXmlReportPlugin),Set(Atom(sbt.plugins.JvmPlugin)))
[debug] Clause(Atom(sbt.plugins.MiniDependencyTreePlugin),Set(Atom(sbt.plugins.JvmPlugin)))
[debug] Clause(Atom(sbt.plugins.CorePlugin),Set(Atom(sbt.plugins.IvyPlugin)))
[debug] Clause(Atom(sbt.plugins.IvyPlugin),Set(Atom(sbt.plugins.JvmPlugin)))
[debug] Clause(Atom(sbt.plugins.JvmPlugin),Set(Atom(sbt.plugins.SemanticdbPlugin)))
[debug] Clause(Atom(sbt.plugins.JvmPlugin),Set(Atom(sbt.plugins.JUnitXmlReportPlugin)))
[debug] Clause(Atom(sbt.plugins.CorePlugin),Set(Atom(sbt.plugins.Giter8TemplatePlugin)))
[debug] Clause(Atom(sbt.plugins.JvmPlugin),Set(Atom(sbt.plugins.MiniDependencyTreePlugin))))
[debug]   :: deduced result: Matched(sbt.plugins.CorePlugin,sbt.plugins.Giter8TemplatePlugin,sbt.plugins.IvyPlugin,sbt.plugins.JvmPlugin,sbt.plugins.MiniDependencyTreePlugin,sbt.plugins.JUnitXmlReportPlugin,sbt.plugins.SemanticdbPlugin)
[debug] Plugins.deducer#function took 26.5593 ms
[debug]           Load.resolveProject(global-plugins) took 66.2443ms
[debug]         Load.loadTransitive: finalizeProject(Project(id global-plugins, base: C:\Users\Win10\.sbt\1.0\plugins, plugins: List(<none>))) took 125.014ms
[debug] [Loading] Done in C:\Users\Win10\.sbt\1.0\plugins, returning: (global-plugins)
[debug]       Load.loadUnit: loadedProjectsRaw took 163.3083ms
[debug]       Load.loadUnit: cleanEvalClasses took 0.3083ms
[debug]     Load.loadUnit(file:/C:/Users/Win10/.sbt/1.0/plugins/, ...) took 323.3416ms
[debug]   Load.apply: load took 582.3929ms
[debug]   Load.apply: resolveProjects took 9.9621ms
[debug]   Load.apply: finalTransforms took 76.9671ms
[debug]   Load.apply: config.delegates took 9.3118ms
[debug]   Load.apply: Def.make(settings)... took 431.0015ms
[debug]   Load.apply: structureIndex took 112.328ms
[debug]   Load.apply: mkStreams took 1.6026ms
[info] loading global plugins from C:\Users\Win10\.sbt\1.0\plugins
[debug] Running task... Cancel: Signal, check cycles: false, forcegc: true
[debug] Load.defaultLoad until apply took 2567.0402ms
[debug]           Load.loadUnit: plugins took 34.2495ms
[debug]           Load.loadUnit: defsScala took 0.0077ms
[debug] [Loading] Scanning directory E:\otus\otus-2021-03-1\project
[debug]             Load.loadUnit: mkEval took 6.1906ms
[debug] [Loading] Found non-root projects 
[debug] [Loading] Done in E:\otus\otus-2021-03-1\project, returning: ()
[debug] deducing auto plugins based on known facts Set(Atom(sbt.plugins.CorePlugin)) and clauses Clauses(Clause(Atom(sbt.plugins.JvmPlugin),Set(Atom(sbt.plugins.IvyPlugin)))
[debug] Clause(Atom(sbt.ScriptedPlugin),Set(Atom(sbt.plugins.JvmPlugin)))
[debug] Clause(Atom(sbt.plugins.SbtPlugin),Set(Atom(sbt.ScriptedPlugin)))
[debug] Clause(Atom(sbt.plugins.SemanticdbPlugin),Set(Atom(sbt.plugins.JvmPlugin)))
[debug] Clause(Atom(sbt.plugins.JUnitXmlReportPlugin),Set(Atom(sbt.plugins.JvmPlugin)))
[debug] Clause(Atom(sbt.plugins.MiniDependencyTreePlugin),Set(Atom(sbt.plugins.JvmPlugin)))
[debug] Clause(Atom(sbt.plugins.CorePlugin),Set(Atom(sbt.plugins.IvyPlugin)))
[debug] Clause(Atom(sbt.plugins.IvyPlugin),Set(Atom(sbt.plugins.JvmPlugin)))
[debug] Clause(Atom(sbt.plugins.JvmPlugin),Set(Atom(sbt.plugins.SemanticdbPlugin)))
[debug] Clause(Atom(sbt.plugins.JvmPlugin),Set(Atom(sbt.plugins.JUnitXmlReportPlugin)))
[debug] Clause(Atom(sbt.plugins.CorePlugin),Set(Atom(sbt.plugins.Giter8TemplatePlugin)))
[debug] Clause(Atom(sbt.plugins.JvmPlugin),Set(Atom(sbt.plugins.MiniDependencyTreePlugin))))
[debug]   :: deduced result: Matched(sbt.plugins.CorePlugin,sbt.plugins.Giter8TemplatePlugin,sbt.plugins.IvyPlugin,sbt.plugins.JvmPlugin,sbt.plugins.MiniDependencyTreePlugin,sbt.plugins.JUnitXmlReportPlugin,sbt.plugins.SemanticdbPlugin)
[debug] Plugins.deducer#function took 2.2888 ms
[info] loading settings for project otus-2021-03-1-build from plugins.sbt ...
[debug]               Load.resolveProject(otus-2021-03-1-build) took 3.2551ms
[debug]             Load.loadTransitive: finalizeProject(Project(id otus-2021-03-1-build, base: E:\otus\otus-2021-03-1\project, plugins: List(<none>))) took 6.316ms
[debug] [Loading] Done in E:\otus\otus-2021-03-1\project, returning: (otus-2021-03-1-build)
[debug]           Load.loadUnit: loadedProjectsRaw took 172.4548ms
[debug]           Load.loadUnit: cleanEvalClasses took 8.66ms
[debug]         Load.loadUnit(file:/E:/otus/otus-2021-03-1/project/, ...) took 216.6627ms
[debug]       Load.apply: load took 218.2662ms
[debug]       Load.apply: resolveProjects took 0.1465ms
[debug]       Load.apply: finalTransforms took 13.2128ms
[debug]       Load.apply: config.delegates took 0.5286ms
[debug]       Load.apply: Def.make(settings)... took 87.5618ms
[debug]       Load.apply: structureIndex took 34.2257ms
[debug]       Load.apply: mkStreams took 0.0036ms
[info] loading project definition from E:\otus\otus-2021-03-1\project
[debug] Running task... Cancel: Signal, check cycles: false, forcegc: true
[debug]     Load.loadUnit: plugins took 1193.0711ms
[debug]     Load.loadUnit: defsScala took 0.0064ms
[debug] [Loading] Scanning directory E:\otus\otus-2021-03-1
[debug]       Load.loadUnit: mkEval took 0.3209ms
[debug] [Loading] Found root project root w/ remaining 
[debug] deducing auto plugins based on known facts Set(Atom(sbt.plugins.CorePlugin)) and clauses Clauses(Clause(Atom(sbt.plugins.JvmPlugin),Set(Atom(sbt.plugins.IvyPlugin)))
[debug] Clause(Atom(sbt.ScriptedPlugin),Set(Atom(sbt.plugins.JvmPlugin)))
[debug] Clause(Atom(sbt.plugins.SbtPlugin),Set(Atom(sbt.ScriptedPlugin)))
[debug] Clause(Atom(sbt.plugins.SemanticdbPlugin),Set(Atom(sbt.plugins.JvmPlugin)))
[debug] Clause(Atom(sbt.plugins.JUnitXmlReportPlugin),Set(Atom(sbt.plugins.JvmPlugin)))
[debug] Clause(Atom(sbt.plugins.MiniDependencyTreePlugin),Set(Atom(sbt.plugins.JvmPlugin)))
[debug] Clause(Atom(sbtassembly.AssemblyPlugin),Set(Atom(sbt.plugins.JvmPlugin)))
[debug] Clause(Atom(sbtbuildinfo.BuildInfoPlugin),Set(Atom(sbt.plugins.JvmPlugin)))
[debug] Clause(Atom(sbt.plugins.CorePlugin),Set(Atom(sbt.plugins.IvyPlugin)))
[debug] Clause(Atom(sbt.plugins.IvyPlugin),Set(Atom(sbt.plugins.JvmPlugin)))
[debug] Clause(Atom(sbt.plugins.JvmPlugin),Set(Atom(sbt.plugins.SemanticdbPlugin)))
[debug] Clause(Atom(sbt.plugins.JvmPlugin),Set(Atom(sbt.plugins.JUnitXmlReportPlugin)))
[debug] Clause(Atom(sbt.plugins.CorePlugin),Set(Atom(sbt.plugins.Giter8TemplatePlugin)))
[debug] Clause(Atom(sbt.plugins.JvmPlugin),Set(Atom(sbt.plugins.MiniDependencyTreePlugin)))
[debug] Clause(Atom(sbt.plugins.JvmPlugin),Set(Atom(sbtassembly.AssemblyPlugin))))
[debug]   :: deduced result: Matched(sbt.plugins.CorePlugin,sbt.plugins.Giter8TemplatePlugin,sbt.plugins.IvyPlugin,sbt.plugins.JvmPlugin,sbtassembly.AssemblyPlugin,sbt.plugins.MiniDependencyTreePlugin,sbt.plugins.JUnitXmlReportPlugin,sbt.plugins.SemanticdbPlugin)
[debug] Plugins.deducer#function took 2.7819 ms
[info] loading settings for project root from build.sbt ...
[debug]         Load.resolveProject(root) took 27.8538ms
[debug]       Load.loadTransitive: finalizeProject(Project(id root, base: E:\otus\otus-2021-03-1, plugins: List(<none>))) took 31.8904ms
[debug] [Loading] Done in E:\otus\otus-2021-03-1, returning: (root)
[debug]     Load.loadUnit: loadedProjectsRaw took 88.7763ms
[debug]     Load.loadUnit: cleanEvalClasses took 3.4061ms
[debug]   Load.loadUnit(file:/E:/otus/otus-2021-03-1/, ...) took 1286.1889ms
[debug] Load.apply: load took 1288.0653ms
[debug] Load.apply: resolveProjects took 0.1516ms
[debug] Load.apply: finalTransforms took 12.692ms
[debug] Load.apply: config.delegates took 0.5022ms
[debug] Load.apply: Def.make(settings)... took 68.0367ms
[debug] Load.apply: structureIndex took 33.3896ms
[debug] Load.apply: mkStreams took 0.0024ms
[info] set current project to otusfp (in build file:/E:/otus/otus-2021-03-1/)
[debug] > Exec(sbtPopOnFailure, None, None)
[debug] > Exec(resumeFromFailure, None, None)
[debug] > Exec(notifyUsersAboutShell, None, None)
[debug] > Exec(iflast shell, None, None)
[debug] > Exec(shell, None, None)
[info] sbt server started at local:sbt-server-cc909b40c7237ea7b057
[debug] Writing bsp connection file
[info] started sbt server
